<component name="libraryTable">
  <library name="junitlibs">
    <CLASSES>
      <root url="file://$PROJECT_DIR$/junitlibs" />
    </CLASSES>
    <JAVADOC />
    <SOURCES />
    <jarDirectory url="file://$PROJECT_DIR$/junitlibs" recursive="false" />
  </library>
</component>